{
  "RSpec": {
    "coverage": {
      "/Users/gaurijoshi/turing/3Module/midmod/parks_finder/spec/facade/park_facade_spec.rb": {
        "lines": [
          1,
          null,
          1,
          1,
          1,
          null,
          1,
          null,
          null
        ]
      },
      "/Users/gaurijoshi/turing/3Module/midmod/parks_finder/config/environment.rb": {
        "lines": [
          null,
          1,
          null,
          null,
          1
        ]
      },
      "/Users/gaurijoshi/turing/3Module/midmod/parks_finder/config/application.rb": {
        "lines": [
          1,
          null,
          1,
          null,
          null,
          null,
          1,
          null,
          1,
          1,
          null,
          1,
          null,
          null,
          null,
          null,
          null,
          null,
          null
        ]
      },
      "/Users/gaurijoshi/turing/3Module/midmod/parks_finder/config/boot.rb": {
        "lines": [
          1,
          null,
          1,
          1
        ]
      },
      "/Users/gaurijoshi/turing/3Module/midmod/parks_finder/config/environments/test.rb": {
        "lines": [
          1,
          null,
          null,
          null,
          null,
          null,
          null,
          1,
          null,
          null,
          null,
          null,
          1,
          null,
          null,
          1,
          1,
          null,
          null,
          null,
          null,
          1,
          1,
          null,
          null,
          1,
          null,
          null,
          1,
          null,
          null,
          1,
          null,
          1,
          null,
          null,
          null,
          null,
          1,
          null,
          null,
          1,
          null,
          null,
          null,
          null
        ]
      },
      "/Users/gaurijoshi/turing/3Module/midmod/parks_finder/config/initializers/application_controller_renderer.rb": {
        "lines": [
          null,
          null,
          null,
          null,
          null,
          null,
          null,
          null
        ]
      },
      "/Users/gaurijoshi/turing/3Module/midmod/parks_finder/config/initializers/assets.rb": {
        "lines": [
          null,
          null,
          null,
          1,
          null,
          null,
          null,
          null,
          1,
          null,
          null,
          null,
          null,
          null
        ]
      },
      "/Users/gaurijoshi/turing/3Module/midmod/parks_finder/config/initializers/backtrace_silencers.rb": {
        "lines": [
          null,
          null,
          null,
          null,
          null,
          null,
          null
        ]
      },
      "/Users/gaurijoshi/turing/3Module/midmod/parks_finder/config/initializers/content_security_policy.rb": {
        "lines": [
          null,
          null,
          null,
          null,
          null,
          null,
          null,
          null,
          null,
          null,
          null,
          null,
          null,
          null,
          null,
          null,
          null,
          null,
          null,
          null,
          null,
          null,
          null,
          null,
          null
        ]
      },
      "/Users/gaurijoshi/turing/3Module/midmod/parks_finder/config/initializers/cookies_serializer.rb": {
        "lines": [
          null,
          null,
          null,
          null,
          1
        ]
      },
      "/Users/gaurijoshi/turing/3Module/midmod/parks_finder/config/initializers/filter_parameter_logging.rb": {
        "lines": [
          null,
          null,
          null,
          1
        ]
      },
      "/Users/gaurijoshi/turing/3Module/midmod/parks_finder/config/initializers/inflections.rb": {
        "lines": [
          null,
          null,
          null,
          null,
          null,
          null,
          null,
          null,
          null,
          null,
          null,
          null,
          null,
          null,
          null,
          null
        ]
      },
      "/Users/gaurijoshi/turing/3Module/midmod/parks_finder/config/initializers/mime_types.rb": {
        "lines": [
          null,
          null,
          null,
          null
        ]
      },
      "/Users/gaurijoshi/turing/3Module/midmod/parks_finder/config/initializers/new_framework_defaults_5_2.rb": {
        "lines": [
          null,
          null,
          null,
          null,
          null,
          null,
          null,
          null,
          null,
          null,
          null,
          null,
          null,
          null,
          null,
          null,
          null,
          null,
          null,
          null,
          null,
          null,
          null,
          null,
          null,
          null,
          null,
          null,
          null,
          null,
          null,
          null,
          null,
          null,
          null,
          null,
          null,
          null
        ]
      },
      "/Users/gaurijoshi/turing/3Module/midmod/parks_finder/config/initializers/wrap_parameters.rb": {
        "lines": [
          null,
          null,
          null,
          null,
          null,
          null,
          1,
          2,
          null,
          null,
          null,
          null,
          null,
          null
        ]
      },
      "/Users/gaurijoshi/turing/3Module/midmod/parks_finder/config/routes.rb": {
        "lines": [
          1,
          1,
          null,
          1,
          null
        ]
      },
      "/Users/gaurijoshi/turing/3Module/midmod/parks_finder/app/helpers/application_helper.rb": {
        "lines": [
          1,
          1,
          null,
          1,
          null,
          null,
          null,
          null,
          null,
          null,
          null,
          null,
          null,
          null,
          null,
          null,
          null,
          null,
          null,
          null,
          null,
          null,
          null,
          null,
          null,
          null,
          null,
          null,
          null,
          null,
          null,
          null,
          null,
          null,
          null,
          null,
          null,
          null,
          null,
          null,
          null,
          null,
          null,
          null,
          null,
          null,
          null,
          null,
          null,
          null,
          null,
          null,
          null,
          null,
          null,
          null,
          null,
          null
        ]
      },
      "/Users/gaurijoshi/turing/3Module/midmod/parks_finder/app/facade/park_facade.rb": {
        "lines": [
          1,
          1,
          2,
          2,
          30,
          null,
          null,
          null
        ]
      },
      "/Users/gaurijoshi/turing/3Module/midmod/parks_finder/spec/features/parks/index_spec.rb": {
        "lines": [
          1,
          null,
          1,
          1,
          1,
          1,
          1,
          null,
          1,
          null,
          null
        ]
      },
      "/Users/gaurijoshi/turing/3Module/midmod/parks_finder/spec/poros/park_spec.rb": {
        "lines": [
          1,
          null,
          1,
          1,
          1,
          1,
          null,
          1,
          1,
          1,
          1,
          1,
          1,
          null,
          null
        ]
      },
      "/Users/gaurijoshi/turing/3Module/midmod/parks_finder/app/poros/park.rb": {
        "lines": [
          1,
          1,
          1,
          31,
          31,
          31,
          31,
          31,
          null,
          null
        ]
      },
      "/Users/gaurijoshi/turing/3Module/midmod/parks_finder/spec/services/park_service_spec.rb": {
        "lines": [
          1,
          null,
          1,
          1,
          1,
          null,
          1,
          1,
          1,
          1,
          1,
          null,
          null
        ]
      },
      "/Users/gaurijoshi/turing/3Module/midmod/parks_finder/app/services/park_service.rb": {
        "lines": [
          1,
          1,
          3,
          3,
          null,
          null,
          null,
          1,
          3,
          3,
          null,
          null,
          null
        ]
      },
      "/Users/gaurijoshi/turing/3Module/midmod/parks_finder/app/controllers/welcome_controller.rb": {
        "lines": [
          1,
          1,
          null,
          null
        ]
      },
      "/Users/gaurijoshi/turing/3Module/midmod/parks_finder/app/controllers/application_controller.rb": {
        "lines": [
          1,
          1,
          null
        ]
      },
      "/Users/gaurijoshi/turing/3Module/midmod/parks_finder/app/controllers/parks_controller.rb": {
        "lines": [
          1,
          1,
          1,
          1,
          null,
          null
        ]
      }
    },
    "timestamp": 1662705648
  }
}
